1593035516732	mozrunner::runner	INFO	Running command: "/usr/bin/firefox" "-marionette" "-foreground" "-no-remote" "-profile" "/tmp/rust_mozprofiletNPIXE"
1593035520729	Marionette	INFO	Listening on port 37873
1593035520760	Marionette	WARN	TLS certificate errors will be ignored for this session
JavaScript error: resource://gre/modules/URIFixup.jsm, line 203: NS_ERROR_FAILURE: Should pass a non-null uri
JavaScript error: , line 0: UnknownError: The operation failed for reasons unrelated to the database itself and not covered by any other error code.
1593035564284	Marionette	INFO	Stopped listening on port 37873
1593035612750	mozrunner::runner	INFO	Running command: "/usr/bin/firefox" "-marionette" "-foreground" "-no-remote" "-profile" "/tmp/rust_mozprofileNj566g"
1593035615887	Marionette	INFO	Listening on port 39885
1593035615959	Marionette	WARN	TLS certificate errors will be ignored for this session
1593035691307	Marionette	INFO	Stopped listening on port 39885
1593035764701	mozrunner::runner	INFO	Running command: "/usr/bin/firefox" "-marionette" "-foreground" "-no-remote" "-profile" "/tmp/rust_mozprofilej1TXSZ"
1593035767816	Marionette	INFO	Listening on port 34975
1593035767915	Marionette	WARN	TLS certificate errors will be ignored for this session
1593035820444	Marionette	INFO	Stopped listening on port 34975
1593036549850	mozrunner::runner	INFO	Running command: "/usr/bin/firefox" "-marionette" "-foreground" "-no-remote" "-profile" "/tmp/rust_mozprofiledqQPVT"
1593036555046	Marionette	INFO	Listening on port 38963
1593036555078	Marionette	WARN	TLS certificate errors will be ignored for this session
1593036621881	Marionette	INFO	Stopped listening on port 38963
1593036806486	mozrunner::runner	INFO	Running command: "/usr/bin/firefox" "-marionette" "-foreground" "-no-remote" "-profile" "/tmp/rust_mozprofileXG0BVP"
1593036809603	Marionette	INFO	Listening on port 44175
1593036809706	Marionette	WARN	TLS certificate errors will be ignored for this session
1593036862311	Marionette	INFO	Stopped listening on port 44175
1593036870558	mozrunner::runner	INFO	Running command: "/usr/bin/firefox" "-marionette" "-foreground" "-no-remote" "-profile" "/tmp/rust_mozprofile3C9I1v"
1593036873753	Marionette	INFO	Listening on port 35267
1593036873771	Marionette	WARN	TLS certificate errors will be ignored for this session
1593036903159	Marionette	INFO	Stopped listening on port 35267
1593037144897	mozrunner::runner	INFO	Running command: "/usr/bin/firefox" "-marionette" "-foreground" "-no-remote" "-profile" "/tmp/rust_mozprofilemh7qlN"
1593037148862	Marionette	INFO	Listening on port 43033
1593037148908	Marionette	WARN	TLS certificate errors will be ignored for this session
1593037177321	Marionette	INFO	Stopped listening on port 43033
1593037214269	mozrunner::runner	INFO	Running command: "/usr/bin/firefox" "-marionette" "-foreground" "-no-remote" "-profile" "/tmp/rust_mozprofilet59urY"
1593037217146	Marionette	INFO	Listening on port 39473
1593037217178	Marionette	WARN	TLS certificate errors will be ignored for this session
1593037231693	Marionette	INFO	Stopped listening on port 39473
1593037264518	mozrunner::runner	INFO	Running command: "/usr/bin/firefox" "-marionette" "-foreground" "-no-remote" "-profile" "/tmp/rust_mozprofile9U2c27"
1593037267522	Marionette	INFO	Listening on port 42789
1593037267591	Marionette	WARN	TLS certificate errors will be ignored for this session
1593037332420	Marionette	INFO	Stopped listening on port 42789
1593038032734	mozrunner::runner	INFO	Running command: "/usr/bin/firefox" "-marionette" "-foreground" "-no-remote" "-profile" "/tmp/rust_mozprofile5xWHoR"
1593038035631	Marionette	INFO	Listening on port 45739
1593038035655	Marionette	WARN	TLS certificate errors will be ignored for this session
1593038068698	Marionette	INFO	Stopped listening on port 45739
1593038092693	mozrunner::runner	INFO	Running command: "/usr/bin/firefox" "-marionette" "-foreground" "-no-remote" "-profile" "/tmp/rust_mozprofileDwg53a"
1593038095902	Marionette	INFO	Listening on port 35931
1593038097031	Marionette	WARN	TLS certificate errors will be ignored for this session
1593038146811	Marionette	INFO	Stopped listening on port 35931
1593038473817	mozrunner::runner	INFO	Running command: "/usr/bin/firefox" "-marionette" "-foreground" "-no-remote" "-profile" "/tmp/rust_mozprofileOThw40"
1593038476776	Marionette	INFO	Listening on port 42641
1593038476827	Marionette	WARN	TLS certificate errors will be ignored for this session
1593038490031	mozrunner::runner	INFO	Running command: "/usr/bin/firefox" "-marionette" "-foreground" "-no-remote" "-profile" "/tmp/rust_mozprofileXKa8kF"
1593038493589	Marionette	INFO	Listening on port 32803
1593038493644	Marionette	WARN	TLS certificate errors will be ignored for this session
1593038500726	mozrunner::runner	INFO	Running command: "/usr/bin/firefox" "-marionette" "-foreground" "-no-remote" "-profile" "/tmp/rust_mozprofileuvqOmX"
1593038504174	Marionette	INFO	Listening on port 45459
1593038504236	Marionette	WARN	TLS certificate errors will be ignored for this session
JavaScript error: , line 0: UnknownError: The operation failed for reasons unrelated to the database itself and not covered by any other error code.
1593038558308	Marionette	INFO	Stopped listening on port 32803
JavaScript error: , line 0: UnknownError: The operation failed for reasons unrelated to the database itself and not covered by any other error code.
1593038559517	Marionette	INFO	Stopped listening on port 42641
1593038563443	Marionette	INFO	Stopped listening on port 45459
1593039211955	mozrunner::runner	INFO	Running command: "/usr/bin/firefox" "-marionette" "-foreground" "-no-remote" "-profile" "/tmp/rust_mozprofile7k8pPX"
1593039214942	Marionette	INFO	Listening on port 44399
1593039214974	Marionette	WARN	TLS certificate errors will be ignored for this session
JavaScript error: resource://gre/modules/URIFixup.jsm, line 203: NS_ERROR_FAILURE: Should pass a non-null uri
1593039232285	mozrunner::runner	INFO	Running command: "/usr/bin/firefox" "-marionette" "-foreground" "-no-remote" "-profile" "/tmp/rust_mozprofileY6hrZl"
1593039235460	Marionette	INFO	Listening on port 34885
1593039235504	Marionette	WARN	TLS certificate errors will be ignored for this session
1593039242884	mozrunner::runner	INFO	Running command: "/usr/bin/firefox" "-marionette" "-foreground" "-no-remote" "-profile" "/tmp/rust_mozprofile12qwGl"
1593039246278	Marionette	INFO	Listening on port 43481
1593039246300	Marionette	WARN	TLS certificate errors will be ignored for this session
JavaScript error: , line 0: UnknownError: The operation failed for reasons unrelated to the database itself and not covered by any other error code.
1593039354209	Marionette	INFO	Stopped listening on port 43481
JavaScript error: , line 0: UnknownError: The operation failed for reasons unrelated to the database itself and not covered by any other error code.
1593039355417	Marionette	INFO	Stopped listening on port 44399
JavaScript error: , line 0: UnknownError: The operation failed for reasons unrelated to the database itself and not covered by any other error code.
1593039355807	Marionette	INFO	Stopped listening on port 34885
1593039508236	mozrunner::runner	INFO	Running command: "/usr/bin/firefox" "-marionette" "-foreground" "-no-remote" "-profile" "/tmp/rust_mozprofileH1zvtD"
1593039511205	Marionette	INFO	Listening on port 45207
1593039511253	Marionette	WARN	TLS certificate errors will be ignored for this session
1593039523116	mozrunner::runner	INFO	Running command: "/usr/bin/firefox" "-marionette" "-foreground" "-no-remote" "-profile" "/tmp/rust_mozprofileMy5qja"
1593039526614	Marionette	INFO	Listening on port 45687
1593039526633	Marionette	WARN	TLS certificate errors will be ignored for this session
1593039535183	mozrunner::runner	INFO	Running command: "/usr/bin/firefox" "-marionette" "-foreground" "-no-remote" "-profile" "/tmp/rust_mozprofiledyV3at"
1593039538354	Marionette	INFO	Listening on port 43655
1593039538395	Marionette	WARN	TLS certificate errors will be ignored for this session
JavaScript error: , line 0: UnknownError: The operation failed for reasons unrelated to the database itself and not covered by any other error code.
1593039605572	Marionette	INFO	Stopped listening on port 43655
JavaScript error: , line 0: UnknownError: The operation failed for reasons unrelated to the database itself and not covered by any other error code.
1593039606224	Marionette	INFO	Stopped listening on port 45687
JavaScript error: , line 0: UnknownError: The operation failed for reasons unrelated to the database itself and not covered by any other error code.
1593039606900	Marionette	INFO	Stopped listening on port 45207
1593039773573	mozrunner::runner	INFO	Running command: "/usr/bin/firefox" "-marionette" "-foreground" "-no-remote" "-profile" "/tmp/rust_mozprofileK1bqbg"
1593039776688	Marionette	INFO	Listening on port 37779
1593039776810	Marionette	WARN	TLS certificate errors will be ignored for this session
1593039793023	mozrunner::runner	INFO	Running command: "/usr/bin/firefox" "-marionette" "-foreground" "-no-remote" "-profile" "/tmp/rust_mozprofileO1vSTv"
1593039796252	Marionette	INFO	Listening on port 38857
1593039796363	Marionette	WARN	TLS certificate errors will be ignored for this session
1593039804689	mozrunner::runner	INFO	Running command: "/usr/bin/firefox" "-marionette" "-foreground" "-no-remote" "-profile" "/tmp/rust_mozprofiledI8JNL"
1593039808126	Marionette	INFO	Listening on port 40521
1593039808205	Marionette	WARN	TLS certificate errors will be ignored for this session
JavaScript error: , line 0: UnknownError: The operation failed for reasons unrelated to the database itself and not covered by any other error code.
1593039924204	Marionette	INFO	Stopped listening on port 40521
JavaScript error: , line 0: UnknownError: The operation failed for reasons unrelated to the database itself and not covered by any other error code.
1593039925453	Marionette	INFO	Stopped listening on port 38857
JavaScript error: , line 0: UnknownError: The operation failed for reasons unrelated to the database itself and not covered by any other error code.
1593039930495	Marionette	INFO	Stopped listening on port 37779
1593039934087	mozrunner::runner	INFO	Running command: "/usr/bin/firefox" "-marionette" "-foreground" "-no-remote" "-profile" "/tmp/rust_mozprofileD0LYLD"
1593039937328	Marionette	INFO	Listening on port 38319
1593039937408	Marionette	WARN	TLS certificate errors will be ignored for this session
1593039949308	mozrunner::runner	INFO	Running command: "/usr/bin/firefox" "-marionette" "-foreground" "-no-remote" "-profile" "/tmp/rust_mozprofileX3TFwM"
1593039952689	Marionette	INFO	Listening on port 38839
1593039952722	Marionette	WARN	TLS certificate errors will be ignored for this session
1593039959637	mozrunner::runner	INFO	Running command: "/usr/bin/firefox" "-marionette" "-foreground" "-no-remote" "-profile" "/tmp/rust_mozprofileftqJKT"
1593039962592	Marionette	INFO	Listening on port 35443
1593039963711	Marionette	WARN	TLS certificate errors will be ignored for this session
JavaScript error: , line 0: UnknownError: The operation failed for reasons unrelated to the database itself and not covered by any other error code.
1593040022075	Marionette	INFO	Stopped listening on port 38839
JavaScript error: , line 0: UnknownError: The operation failed for reasons unrelated to the database itself and not covered by any other error code.
1593040023246	Marionette	INFO	Stopped listening on port 38319
1593040029596	Marionette	INFO	Stopped listening on port 35443
1593040090745	mozrunner::runner	INFO	Running command: "/usr/bin/firefox" "-marionette" "-foreground" "-no-remote" "-profile" "/tmp/rust_mozprofileU21jGA"
1593040094655	Marionette	INFO	Listening on port 44793
JavaScript error: resource://gre/modules/URIFixup.jsm, line 203: NS_ERROR_FAILURE: Should pass a non-null uri
1593040094759	Marionette	WARN	TLS certificate errors will be ignored for this session
1593040111636	mozrunner::runner	INFO	Running command: "/usr/bin/firefox" "-marionette" "-foreground" "-no-remote" "-profile" "/tmp/rust_mozprofilez5PY29"
1593040115859	Marionette	INFO	Listening on port 36715
1593040115950	Marionette	WARN	TLS certificate errors will be ignored for this session
[Child 15803, MediaDecoderStateMachine #1] WARNING: Decoder=7f704db98c00 Decode error: NS_ERROR_DOM_MEDIA_FATAL_ERR (0x806e0005) - RefPtr<MediaSourceTrackDemuxer::SamplesPromise> mozilla::MediaSourceTrackDemuxer::DoGetSamples(int32_t): manager is detached.: file /build/firefox-Wud6wF/firefox-77.0.1+build1/dom/media/MediaDecoderStateMachine.cpp, line 3370
[Child 15803, MediaDecoderStateMachine #1] WARNING: Decoder=7f704db98c00 Decode error: NS_ERROR_DOM_MEDIA_FATAL_ERR (0x806e0005) - RefPtr<MediaSourceTrackDemuxer::SamplesPromise> mozilla::MediaSourceTrackDemuxer::DoGetSamples(int32_t): manager is detached.: file /build/firefox-Wud6wF/firefox-77.0.1+build1/dom/media/MediaDecoderStateMachine.cpp, line 3370
1593040159652	Marionette	INFO	Stopped listening on port 36715
1593040168321	Marionette	INFO	Stopped listening on port 44793
JavaScript error: , line 0: UnknownError: The operation failed for reasons unrelated to the database itself and not covered by any other error code.
1593041674255	mozrunner::runner	INFO	Running command: "/usr/bin/firefox" "-marionette" "-foreground" "-no-remote" "-profile" "/tmp/rust_mozprofile9VaYey"
1593041678069	Marionette	INFO	Listening on port 36561
1593041678169	Marionette	WARN	TLS certificate errors will be ignored for this session
1593041694660	mozrunner::runner	INFO	Running command: "/usr/bin/firefox" "-marionette" "-foreground" "-no-remote" "-profile" "/tmp/rust_mozprofileJUvcls"
1593041699364	Marionette	INFO	Listening on port 36061
1593041699380	Marionette	WARN	TLS certificate errors will be ignored for this session
JavaScript error: resource://gre/modules/URIFixup.jsm, line 203: NS_ERROR_FAILURE: Should pass a non-null uri

###!!! [Child][RunMessage] Error: Channel closing: too late to send/recv, messages will be lost

JavaScript error: , line 0: UnknownError: The operation failed for reasons unrelated to the database itself and not covered by any other error code.
1593041753689	Marionette	INFO	Stopped listening on port 36561
1593041758115	mozrunner::runner	INFO	Running command: "/usr/bin/firefox" "-marionette" "-foreground" "-no-remote" "-profile" "/tmp/rust_mozprofileMr7cnG"
1593041761358	Marionette	INFO	Listening on port 43507
1593041761436	Marionette	WARN	TLS certificate errors will be ignored for this session
1593041764480	Marionette	INFO	Stopped listening on port 36061
1593041778587	mozrunner::runner	INFO	Running command: "/usr/bin/firefox" "-marionette" "-foreground" "-no-remote" "-profile" "/tmp/rust_mozprofileXUNIRm"
1593041781933	Marionette	INFO	Listening on port 37149
1593041781996	Marionette	WARN	TLS certificate errors will be ignored for this session
JavaScript error: resource://gre/modules/URIFixup.jsm, line 203: NS_ERROR_FAILURE: Should pass a non-null uri
JavaScript error: https://ytmp3.cc/en13/, line 1: SyntaxError: unexpected token: '{'
1593041789672	mozrunner::runner	INFO	Running command: "/usr/bin/firefox" "-marionette" "-foreground" "-no-remote" "-profile" "/tmp/rust_mozprofileNgNVrm"
1593041795158	Marionette	INFO	Listening on port 43111
1593041795197	Marionette	WARN	TLS certificate errors will be ignored for this session
console.error: "Store does not have a valid reducer. Make sure the argument passed to combineReducers is an object whose values are reducers."

###!!! [Child][RunMessage] Error: Channel closing: too late to send/recv, messages will be lost

JavaScript error: , line 0: UnknownError: The operation failed for reasons unrelated to the database itself and not covered by any other error code.
1593042028931	Marionette	INFO	Stopped listening on port 37149
JavaScript error: , line 0: UnknownError: The operation failed for reasons unrelated to the database itself and not covered by any other error code.
1593042029038	Marionette	INFO	Stopped listening on port 43111
1593042029183	Marionette	INFO	Stopped listening on port 43507
1593042033533	mozrunner::runner	INFO	Running command: "/usr/bin/firefox" "-marionette" "-foreground" "-no-remote" "-profile" "/tmp/rust_mozprofileyMfIz5"
1593042036369	Marionette	INFO	Listening on port 36653
1593042036447	Marionette	WARN	TLS certificate errors will be ignored for this session
1593042049832	mozrunner::runner	INFO	Running command: "/usr/bin/firefox" "-marionette" "-foreground" "-no-remote" "-profile" "/tmp/rust_mozprofileh5IJz0"
1593042053096	Marionette	INFO	Listening on port 40421
1593042053178	Marionette	WARN	TLS certificate errors will be ignored for this session
JavaScript error: resource://gre/modules/URIFixup.jsm, line 203: NS_ERROR_FAILURE: Should pass a non-null uri
1593042062502	mozrunner::runner	INFO	Running command: "/usr/bin/firefox" "-marionette" "-foreground" "-no-remote" "-profile" "/tmp/rust_mozprofileaPxcE2"
1593042065798	Marionette	INFO	Listening on port 46383
1593042065821	Marionette	WARN	TLS certificate errors will be ignored for this session
JavaScript error: resource://gre/modules/URIFixup.jsm, line 203: NS_ERROR_FAILURE: Should pass a non-null uri
JavaScript error: , line 0: UnknownError: The operation failed for reasons unrelated to the database itself and not covered by any other error code.
JavaScript error: , line 0: UnknownError: The operation failed for reasons unrelated to the database itself and not covered by any other error code.
JavaScript error: , line 0: UnknownError: The operation failed for reasons unrelated to the database itself and not covered by any other error code.
1593042154081	Marionette	INFO	Stopped listening on port 46383
1593042154154	Marionette	INFO	Stopped listening on port 40421
1593042154164	Marionette	INFO	Stopped listening on port 36653

###!!! [Parent][RunMessage] Error: Channel closing: too late to send/recv, messages will be lost

1593042950125	mozrunner::runner	INFO	Running command: "/usr/bin/firefox" "-marionette" "-foreground" "-no-remote" "-profile" "/tmp/rust_mozprofileTjvsHy"
1593042954395	Marionette	INFO	Listening on port 40491
1593042954437	Marionette	WARN	TLS certificate errors will be ignored for this session
JavaScript error: resource://gre/modules/URIFixup.jsm, line 203: NS_ERROR_FAILURE: Should pass a non-null uri
1593042967502	mozrunner::runner	INFO	Running command: "/usr/bin/firefox" "-marionette" "-foreground" "-no-remote" "-profile" "/tmp/rust_mozprofile2M2vad"
1593042972859	Marionette	INFO	Listening on port 41933
1593042972939	Marionette	WARN	TLS certificate errors will be ignored for this session
JavaScript error: resource://gre/modules/URIFixup.jsm, line 203: NS_ERROR_FAILURE: Should pass a non-null uri
1593042980694	mozrunner::runner	INFO	Running command: "/usr/bin/firefox" "-marionette" "-foreground" "-no-remote" "-profile" "/tmp/rust_mozprofileHimajq"
1593042985423	Marionette	INFO	Listening on port 35271
1593042985510	Marionette	WARN	TLS certificate errors will be ignored for this session
JavaScript error: resource://gre/modules/UpdateTimerManager.jsm, line 352: TypeError: setting getter-only property "gLogEnabled"
JavaScript error: resource://gre/modules/ModulesPing.jsm, line 70: NS_ERROR_XPC_JAVASCRIPT_ERROR_WITH_DETAILS: [JavaScript Error: "setting getter-only property "gLogEnabled"" {file: "resource://gre/modules/UpdateTimerManager.jsm" line: 352}]'[JavaScript Error: "setting getter-only property "gLogEnabled"" {file: "resource://gre/modules/UpdateTimerManager.jsm" line: 352}]' when calling method: [nsIUpdateTimerManager::registerTimer]
JavaScript error: , line 0: UnknownError: The operation failed for reasons unrelated to the database itself and not covered by any other error code.
1593043029258	Marionette	INFO	Stopped listening on port 41933
JavaScript error: , line 0: UnknownError: The operation failed for reasons unrelated to the database itself and not covered by any other error code.
1593043030583	Marionette	INFO	Stopped listening on port 40491
1593043032742	mozrunner::runner	INFO	Running command: "/usr/bin/firefox" "-marionette" "-foreground" "-no-remote" "-profile" "/tmp/rust_mozprofileWMhj7x"
1593043036029	Marionette	INFO	Listening on port 39343
1593043036071	Marionette	WARN	TLS certificate errors will be ignored for this session
JavaScript error: resource://gre/modules/URIFixup.jsm, line 203: NS_ERROR_FAILURE: Should pass a non-null uri
1593043039914	Marionette	INFO	Stopped listening on port 35271
1593043050268	mozrunner::runner	INFO	Running command: "/usr/bin/firefox" "-marionette" "-foreground" "-no-remote" "-profile" "/tmp/rust_mozprofilefv7uty"
1593043054913	Marionette	INFO	Listening on port 40003
1593043054982	Marionette	WARN	TLS certificate errors will be ignored for this session
JavaScript error: resource://gre/modules/URIFixup.jsm, line 203: NS_ERROR_FAILURE: Should pass a non-null uri
1593043061593	mozrunner::runner	INFO	Running command: "/usr/bin/firefox" "-marionette" "-foreground" "-no-remote" "-profile" "/tmp/rust_mozprofileRZP330"
1593043064913	Marionette	INFO	Listening on port 44719
1593043065002	Marionette	WARN	TLS certificate errors will be ignored for this session
JavaScript error: resource://gre/modules/URIFixup.jsm, line 203: NS_ERROR_FAILURE: Should pass a non-null uri
JavaScript error: , line 0: UnknownError: The operation failed for reasons unrelated to the database itself and not covered by any other error code.
1593043122009	Marionette	INFO	Stopped listening on port 40003
JavaScript error: , line 0: UnknownError: The operation failed for reasons unrelated to the database itself and not covered by any other error code.
1593043123863	Marionette	INFO	Stopped listening on port 39343
1593043125726	Marionette	INFO	Stopped listening on port 44719
1593045264581	mozrunner::runner	INFO	Running command: "/usr/bin/firefox" "-marionette" "-foreground" "-no-remote" "-profile" "/tmp/rust_mozprofileiNmzNb"
1593045267495	Marionette	INFO	Listening on port 34991
1593045268631	Marionette	WARN	TLS certificate errors will be ignored for this session
JavaScript error: resource://gre/modules/URIFixup.jsm, line 203: NS_ERROR_FAILURE: Should pass a non-null uri
1593045281225	mozrunner::runner	INFO	Running command: "/usr/bin/firefox" "-marionette" "-foreground" "-no-remote" "-profile" "/tmp/rust_mozprofiler9vR0E"
1593045284459	Marionette	INFO	Listening on port 44323
1593045285602	Marionette	WARN	TLS certificate errors will be ignored for this session
JavaScript error: resource://gre/modules/URIFixup.jsm, line 203: NS_ERROR_FAILURE: Should pass a non-null uri
1593045294136	mozrunner::runner	INFO	Running command: "/usr/bin/firefox" "-marionette" "-foreground" "-no-remote" "-profile" "/tmp/rust_mozprofile6jLIuk"
1593045297763	Marionette	INFO	Listening on port 46623
1593045297849	Marionette	WARN	TLS certificate errors will be ignored for this session
JavaScript error: resource://gre/modules/URIFixup.jsm, line 203: NS_ERROR_FAILURE: Should pass a non-null uri
JavaScript error: , line 0: UnknownError: The operation failed for reasons unrelated to the database itself and not covered by any other error code.
JavaScript error: , line 0: UnknownError: The operation failed for reasons unrelated to the database itself and not covered by any other error code.
JavaScript error: , line 0: UnknownError: The operation failed for reasons unrelated to the database itself and not covered by any other error code.
1593045409436	Marionette	INFO	Stopped listening on port 44323
1593045409575	Marionette	INFO	Stopped listening on port 34991
1593045409616	Marionette	INFO	Stopped listening on port 46623
1593045410697	mozrunner::runner	INFO	Running command: "/usr/bin/firefox" "-marionette" "-foreground" "-no-remote" "-profile" "/tmp/rust_mozprofilej1sBNN"
1593045414976	Marionette	INFO	Listening on port 35661
1593045415009	Marionette	WARN	TLS certificate errors will be ignored for this session
1593045430784	mozrunner::runner	INFO	Running command: "/usr/bin/firefox" "-marionette" "-foreground" "-no-remote" "-profile" "/tmp/rust_mozprofilegxP0NM"
1593045435296	Marionette	INFO	Listening on port 44555
1593045435397	Marionette	WARN	TLS certificate errors will be ignored for this session
1593045444545	mozrunner::runner	INFO	Running command: "/usr/bin/firefox" "-marionette" "-foreground" "-no-remote" "-profile" "/tmp/rust_mozprofiledHD0VJ"
1593045449106	Marionette	INFO	Listening on port 34993
1593045449158	Marionette	WARN	TLS certificate errors will be ignored for this session
JavaScript error: , line 0: UnknownError: The operation failed for reasons unrelated to the database itself and not covered by any other error code.
JavaScript error: , line 0: UnknownError: The operation failed for reasons unrelated to the database itself and not covered by any other error code.
JavaScript error: , line 0: UnknownError: The operation failed for reasons unrelated to the database itself and not covered by any other error code.
1593045796618	Marionette	INFO	Stopped listening on port 44555
1593045796657	Marionette	INFO	Stopped listening on port 34993
1593045796665	Marionette	INFO	Stopped listening on port 35661
1593045797986	mozrunner::runner	INFO	Running command: "/usr/bin/firefox" "-marionette" "-foreground" "-no-remote" "-profile" "/tmp/rust_mozprofileFBuNY0"
1593045800895	Marionette	INFO	Listening on port 40057
1593045802014	Marionette	WARN	TLS certificate errors will be ignored for this session
1593045819166	mozrunner::runner	INFO	Running command: "/usr/bin/firefox" "-marionette" "-foreground" "-no-remote" "-profile" "/tmp/rust_mozprofileQIgW9M"
1593045822247	Marionette	INFO	Listening on port 46629
1593045822336	Marionette	WARN	TLS certificate errors will be ignored for this session
1593045831540	mozrunner::runner	INFO	Running command: "/usr/bin/firefox" "-marionette" "-foreground" "-no-remote" "-profile" "/tmp/rust_mozprofileNJIZSG"
1593045834608	Marionette	INFO	Listening on port 35063
1593045834655	Marionette	WARN	TLS certificate errors will be ignored for this session
JavaScript error: https://www.youtube.com/yts/jsbin/www-embed-player-vflky9INM/www-embed-player.js, line 410: NS_ERROR_FAILURE: 
JavaScript error: , line 0: UnknownError: The operation failed for reasons unrelated to the database itself and not covered by any other error code.
1593045918039	Marionette	INFO	Stopped listening on port 40057
JavaScript error: , line 0: UnknownError: The operation failed for reasons unrelated to the database itself and not covered by any other error code.
1593045919581	Marionette	INFO	Stopped listening on port 35063
JavaScript error: , line 0: UnknownError: The operation failed for reasons unrelated to the database itself and not covered by any other error code.
1593045920253	Marionette	INFO	Stopped listening on port 46629
1593046218609	mozrunner::runner	INFO	Running command: "/usr/bin/firefox" "-marionette" "-foreground" "-no-remote" "-profile" "/tmp/rust_mozprofileDGtdA0"
1593046221503	Marionette	INFO	Listening on port 39611
1593046221568	Marionette	WARN	TLS certificate errors will be ignored for this session
1593046240922	mozrunner::runner	INFO	Running command: "/usr/bin/firefox" "-marionette" "-foreground" "-no-remote" "-profile" "/tmp/rust_mozprofilezNQ50E"
1593046245275	Marionette	INFO	Listening on port 33677
1593046245335	Marionette	WARN	TLS certificate errors will be ignored for this session
1593046251925	mozrunner::runner	INFO	Running command: "/usr/bin/firefox" "-marionette" "-foreground" "-no-remote" "-profile" "/tmp/rust_mozprofileaBNqI9"
1593046255618	Marionette	INFO	Listening on port 34667
1593046255689	Marionette	WARN	TLS certificate errors will be ignored for this session
IPDL protocol error: Handler returned error code!

###!!! [Parent][DispatchAsyncMessage] Error: PLayerTransaction::Msg_ReleaseLayer Processing error: message was deserialized, but the handler returned false (indicating failure)

IPDL protocol error: Handler returned error code!

###!!! [Parent][DispatchAsyncMessage] Error: PLayerTransaction::Msg_ReleaseLayer Processing error: message was deserialized, but the handler returned false (indicating failure)

IPDL protocol error: Handler returned error code!

###!!! [Parent][DispatchAsyncMessage] Error: PLayerTransaction::Msg_ReleaseLayer Processing error: message was deserialized, but the handler returned false (indicating failure)

IPDL protocol error: Handler returned error code!

###!!! [Parent][DispatchAsyncMessage] Error: PLayerTransaction::Msg_ReleaseLayer Processing error: message was deserialized, but the handler returned false (indicating failure)

IPDL protocol error: Handler returned error code!

###!!! [Parent][DispatchAsyncMessage] Error: PLayerTransaction::Msg_ReleaseLayer Processing error: message was deserialized, but the handler returned false (indicating failure)

JavaScript error: , line 0: UnknownError: The operation failed for reasons unrelated to the database itself and not covered by any other error code.
JavaScript error: , line 0: UnknownError: The operation failed for reasons unrelated to the database itself and not covered by any other error code.
1593046291508	Marionette	INFO	Stopped listening on port 39611
1593046291527	Marionette	INFO	Stopped listening on port 33677
console.error: (new Error("SessionFile is closed", "resource:///modules/sessionstore/SessionFile.jsm", 433))
1593046312156	Marionette	INFO	Stopped listening on port 34667
1593046772405	mozrunner::runner	INFO	Running command: "/usr/bin/firefox" "-marionette" "-foreground" "-no-remote" "-profile" "/tmp/rust_mozprofileuZTv4B"
1593046776373	Marionette	INFO	Listening on port 33289
1593046776419	Marionette	WARN	TLS certificate errors will be ignored for this session
1593046790191	mozrunner::runner	INFO	Running command: "/usr/bin/firefox" "-marionette" "-foreground" "-no-remote" "-profile" "/tmp/rust_mozprofilegGdInY"
1593046794717	Marionette	INFO	Listening on port 45959
1593046794809	Marionette	WARN	TLS certificate errors will be ignored for this session
1593046803536	mozrunner::runner	INFO	Running command: "/usr/bin/firefox" "-marionette" "-foreground" "-no-remote" "-profile" "/tmp/rust_mozprofile2VGFOq"
1593046806868	Marionette	INFO	Listening on port 41453
1593046806949	Marionette	WARN	TLS certificate errors will be ignored for this session
IPDL protocol error: Handler returned error code!

###!!! [Parent][DispatchAsyncMessage] Error: PLayerTransaction::Msg_ReleaseLayer Processing error: message was deserialized, but the handler returned false (indicating failure)

IPDL protocol error: Handler returned error code!

###!!! [Parent][DispatchAsyncMessage] Error: PLayerTransaction::Msg_ReleaseLayer Processing error: message was deserialized, but the handler returned false (indicating failure)

IPDL protocol error: Handler returned error code!

###!!! [Parent][DispatchAsyncMessage] Error: PLayerTransaction::Msg_ReleaseLayer Processing error: message was deserialized, but the handler returned false (indicating failure)

IPDL protocol error: Handler returned error code!

###!!! [Parent][DispatchAsyncMessage] Error: PLayerTransaction::Msg_ReleaseLayer Processing error: message was deserialized, but the handler returned false (indicating failure)

IPDL protocol error: Handler returned error code!

###!!! [Parent][DispatchAsyncMessage] Error: PLayerTransaction::Msg_ReleaseLayer Processing error: message was deserialized, but the handler returned false (indicating failure)

JavaScript error: , line 0: UnknownError: The operation failed for reasons unrelated to the database itself and not covered by any other error code.
1593046849496	Marionette	INFO	Stopped listening on port 45959
1593046852830	Marionette	INFO	Stopped listening on port 33289
1593046858334	Marionette	INFO	Stopped listening on port 41453
1593046885554	mozrunner::runner	INFO	Running command: "/usr/bin/firefox" "-marionette" "-foreground" "-no-remote" "-profile" "/tmp/rust_mozprofileaxyksL"
1593046889776	Marionette	INFO	Listening on port 42725
1593046889870	Marionette	WARN	TLS certificate errors will be ignored for this session
1593046904879	mozrunner::runner	INFO	Running command: "/usr/bin/firefox" "-marionette" "-foreground" "-no-remote" "-profile" "/tmp/rust_mozprofilewOfjtl"
1593046908203	Marionette	INFO	Listening on port 34453
1593046909345	Marionette	WARN	TLS certificate errors will be ignored for this session
JavaScript error: resource://gre/modules/URIFixup.jsm, line 203: NS_ERROR_FAILURE: Should pass a non-null uri
1593046921720	mozrunner::runner	INFO	Running command: "/usr/bin/firefox" "-marionette" "-foreground" "-no-remote" "-profile" "/tmp/rust_mozprofile43SOG7"
1593046924871	Marionette	INFO	Listening on port 33129
1593046925916	Marionette	WARN	TLS certificate errors will be ignored for this session

###!!! [Child][MessageChannel] Error: (msgtype=0x6B0029,name=PNecko::Msg_RemoveRequestContext) Channel closing: too late to send/recv, messages will be lost

JavaScript error: , line 0: UnknownError: The operation failed for reasons unrelated to the database itself and not covered by any other error code.
JavaScript error: , line 0: UnknownError: The operation failed for reasons unrelated to the database itself and not covered by any other error code.
1593046978962	Marionette	INFO	Stopped listening on port 34453
1593046979106	Marionette	INFO	Stopped listening on port 42725
console.error: (new Error("SessionFile is closed", "resource:///modules/sessionstore/SessionFile.jsm", 433))
1593046997759	Marionette	INFO	Stopped listening on port 33129
1593047189358	mozrunner::runner	INFO	Running command: "/usr/bin/firefox" "-marionette" "-foreground" "-no-remote" "-profile" "/tmp/rust_mozprofileWShps1"
1593047193504	Marionette	INFO	Listening on port 33181
1593047193570	Marionette	WARN	TLS certificate errors will be ignored for this session
1593047205299	mozrunner::runner	INFO	Running command: "/usr/bin/firefox" "-marionette" "-foreground" "-no-remote" "-profile" "/tmp/rust_mozprofilengA0Hw"
1593047208651	Marionette	INFO	Listening on port 46831
1593047208709	Marionette	WARN	TLS certificate errors will be ignored for this session
1593047217106	mozrunner::runner	INFO	Running command: "/usr/bin/firefox" "-marionette" "-foreground" "-no-remote" "-profile" "/tmp/rust_mozprofileiB3Ur2"
1593047220335	Marionette	INFO	Listening on port 38629
1593047220420	Marionette	WARN	TLS certificate errors will be ignored for this session
IPDL protocol error: Handler returned error code!

###!!! [Parent][DispatchAsyncMessage] Error: PLayerTransaction::Msg_ReleaseLayer Processing error: message was deserialized, but the handler returned false (indicating failure)

IPDL protocol error: Handler returned error code!

###!!! [Parent][DispatchAsyncMessage] Error: PLayerTransaction::Msg_ReleaseLayer Processing error: message was deserialized, but the handler returned false (indicating failure)

IPDL protocol error: Handler returned error code!

###!!! [Parent][DispatchAsyncMessage] Error: PLayerTransaction::Msg_ReleaseLayer Processing error: message was deserialized, but the handler returned false (indicating failure)

IPDL protocol error: Handler returned error code!

###!!! [Parent][DispatchAsyncMessage] Error: PLayerTransaction::Msg_ReleaseLayer Processing error: message was deserialized, but the handler returned false (indicating failure)

IPDL protocol error: Handler returned error code!

###!!! [Parent][DispatchAsyncMessage] Error: PLayerTransaction::Msg_ReleaseLayer Processing error: message was deserialized, but the handler returned false (indicating failure)

JavaScript error: , line 0: UnknownError: The operation failed for reasons unrelated to the database itself and not covered by any other error code.
JavaScript error: , line 0: UnknownError: The operation failed for reasons unrelated to the database itself and not covered by any other error code.
JavaScript error: , line 0: UnknownError: The operation failed for reasons unrelated to the database itself and not covered by any other error code.
1593047307753	Marionette	INFO	Stopped listening on port 38629
1593047307836	Marionette	INFO	Stopped listening on port 46831
1593047307913	Marionette	INFO	Stopped listening on port 33181
1593047309367	mozrunner::runner	INFO	Running command: "/usr/bin/firefox" "-marionette" "-foreground" "-no-remote" "-profile" "/tmp/rust_mozprofileYFd7ft"
1593047312528	Marionette	INFO	Listening on port 36923
1593047313553	Marionette	WARN	TLS certificate errors will be ignored for this session
JavaScript error: resource://gre/modules/URIFixup.jsm, line 203: NS_ERROR_FAILURE: Should pass a non-null uri
1593047328200	mozrunner::runner	INFO	Running command: "/usr/bin/firefox" "-marionette" "-foreground" "-no-remote" "-profile" "/tmp/rust_mozprofilexT9gAs"
1593047331638	Marionette	INFO	Listening on port 44961
1593047331711	Marionette	WARN	TLS certificate errors will be ignored for this session
1593047339978	mozrunner::runner	INFO	Running command: "/usr/bin/firefox" "-marionette" "-foreground" "-no-remote" "-profile" "/tmp/rust_mozprofilezjrxJf"
1593047343331	Marionette	INFO	Listening on port 43135
1593047343395	Marionette	WARN	TLS certificate errors will be ignored for this session
JavaScript error: , line 0: UnknownError: The operation failed for reasons unrelated to the database itself and not covered by any other error code.
1593047424811	Marionette	INFO	Stopped listening on port 43135
JavaScript error: , line 0: UnknownError: The operation failed for reasons unrelated to the database itself and not covered by any other error code.
1593047425369	Marionette	INFO	Stopped listening on port 44961
console.error: "Store does not have a valid reducer. Make sure the argument passed to combineReducers is an object whose values are reducers."
JavaScript error: resource://activity-stream/lib/ToolbarPanelHub.jsm, line 560: TypeError: learnMoreLink is null
1593047667620	Marionette	INFO	Stopped listening on port 36923
1593047682141	mozrunner::runner	INFO	Running command: "/usr/bin/firefox" "-marionette" "-foreground" "-no-remote" "-profile" "/tmp/rust_mozprofileAuNE97"
1593047685266	Marionette	INFO	Listening on port 40815
1593047685354	Marionette	WARN	TLS certificate errors will be ignored for this session
1593047698577	mozrunner::runner	INFO	Running command: "/usr/bin/firefox" "-marionette" "-foreground" "-no-remote" "-profile" "/tmp/rust_mozprofileLGarDA"
1593047701754	Marionette	INFO	Listening on port 43267
1593047701786	Marionette	WARN	TLS certificate errors will be ignored for this session
1593047721167	mozrunner::runner	INFO	Running command: "/usr/bin/firefox" "-marionette" "-foreground" "-no-remote" "-profile" "/tmp/rust_mozprofileaSC2d1"
1593047725321	Marionette	INFO	Listening on port 33385
1593047725379	Marionette	WARN	TLS certificate errors will be ignored for this session
JavaScript error: , line 0: UnknownError: The operation failed for reasons unrelated to the database itself and not covered by any other error code.
1593047759483	Marionette	INFO	Stopped listening on port 40815
JavaScript error: , line 0: UnknownError: The operation failed for reasons unrelated to the database itself and not covered by any other error code.
1593047760822	Marionette	INFO	Stopped listening on port 43267
1593047769108	Marionette	INFO	Stopped listening on port 33385
1593047894744	mozrunner::runner	INFO	Running command: "/usr/bin/firefox" "-marionette" "-foreground" "-no-remote" "-profile" "/tmp/rust_mozprofile05q1J3"
1593047897590	Marionette	INFO	Listening on port 40311
1593047898701	Marionette	WARN	TLS certificate errors will be ignored for this session
1593047913843	mozrunner::runner	INFO	Running command: "/usr/bin/firefox" "-marionette" "-foreground" "-no-remote" "-profile" "/tmp/rust_mozprofileMisOOK"
1593047917503	Marionette	INFO	Listening on port 44431
1593047917591	Marionette	WARN	TLS certificate errors will be ignored for this session
1593047936160	mozrunner::runner	INFO	Running command: "/usr/bin/firefox" "-marionette" "-foreground" "-no-remote" "-profile" "/tmp/rust_mozprofileBZRrR6"
1593047939207	Marionette	INFO	Listening on port 40981
1593047939289	Marionette	WARN	TLS certificate errors will be ignored for this session
JavaScript error: , line 0: UnknownError: The operation failed for reasons unrelated to the database itself and not covered by any other error code.
1593047976758	Marionette	INFO	Stopped listening on port 40311
JavaScript error: , line 0: UnknownError: The operation failed for reasons unrelated to the database itself and not covered by any other error code.
1593047985607	Marionette	INFO	Stopped listening on port 44431
1593047991745	Marionette	INFO	Stopped listening on port 40981
1593048094859	mozrunner::runner	INFO	Running command: "/usr/bin/firefox" "-marionette" "-foreground" "-no-remote" "-profile" "/tmp/rust_mozprofileipXSPa"
1593048098949	Marionette	INFO	Listening on port 43851
1593048098971	Marionette	WARN	TLS certificate errors will be ignored for this session
1593048112656	mozrunner::runner	INFO	Running command: "/usr/bin/firefox" "-marionette" "-foreground" "-no-remote" "-profile" "/tmp/rust_mozprofile43DV0A"
1593048116179	Marionette	INFO	Listening on port 43317
1593048116268	Marionette	WARN	TLS certificate errors will be ignored for this session
1593048136283	mozrunner::runner	INFO	Running command: "/usr/bin/firefox" "-marionette" "-foreground" "-no-remote" "-profile" "/tmp/rust_mozprofileFsz5kh"
1593048139332	Marionette	INFO	Listening on port 43883
1593048139393	Marionette	WARN	TLS certificate errors will be ignored for this session
1593048170529	Marionette	INFO	Stopped listening on port 43883
1593048176901	Marionette	INFO	Stopped listening on port 43851
JavaScript error: , line 0: UnknownError: The operation failed for reasons unrelated to the database itself and not covered by any other error code.
JavaScript error: , line 0: UnknownError: The operation failed for reasons unrelated to the database itself and not covered by any other error code.
1593048263155	Marionette	INFO	Stopped listening on port 43317
1593048317708	mozrunner::runner	INFO	Running command: "/usr/bin/firefox" "-marionette" "-foreground" "-no-remote" "-profile" "/tmp/rust_mozprofileLjhzB2"
1593048320609	Marionette	INFO	Listening on port 37077
1593048320626	Marionette	WARN	TLS certificate errors will be ignored for this session
1593048334179	mozrunner::runner	INFO	Running command: "/usr/bin/firefox" "-marionette" "-foreground" "-no-remote" "-profile" "/tmp/rust_mozprofileBaBmgI"
1593048338703	Marionette	INFO	Listening on port 42775
1593048338798	Marionette	WARN	TLS certificate errors will be ignored for this session
1593048354202	mozrunner::runner	INFO	Running command: "/usr/bin/firefox" "-marionette" "-foreground" "-no-remote" "-profile" "/tmp/rust_mozprofilel0tPRT"
1593048357185	Marionette	INFO	Listening on port 39279
1593048357260	Marionette	WARN	TLS certificate errors will be ignored for this session
1593048406946	Marionette	INFO	Stopped listening on port 39279
1593048412121	Marionette	INFO	Stopped listening on port 37077
JavaScript error: , line 0: UnknownError: The operation failed for reasons unrelated to the database itself and not covered by any other error code.

(nautilus:31570): Gtk-CRITICAL **: 21:31:31.844: gtk_revealer_set_reveal_child: assertion 'GTK_IS_REVEALER (revealer)' failed
console.error: "Store does not have a valid reducer. Make sure the argument passed to combineReducers is an object whose values are reducers."
JavaScript error: , line 0: UnknownError: The operation failed for reasons unrelated to the database itself and not covered by any other error code.
1593048845976	Marionette	INFO	Stopped listening on port 42775
1593048851818	mozrunner::runner	INFO	Running command: "/usr/bin/firefox" "-marionette" "-foreground" "-no-remote" "-profile" "/tmp/rust_mozprofileDxvlT6"
1593048854781	Marionette	INFO	Listening on port 44063
1593048854827	Marionette	WARN	TLS certificate errors will be ignored for this session
1593048871600	mozrunner::runner	INFO	Running command: "/usr/bin/firefox" "-marionette" "-foreground" "-no-remote" "-profile" "/tmp/rust_mozprofileRS7GBd"
1593048874835	Marionette	INFO	Listening on port 33461
1593048874911	Marionette	WARN	TLS certificate errors will be ignored for this session
JavaScript error: https://ytmp3.cc/en13/, line 1: SyntaxError: unexpected token: '{'
1593048905866	mozrunner::runner	INFO	Running command: "/usr/bin/firefox" "-marionette" "-foreground" "-no-remote" "-profile" "/tmp/rust_mozprofilemgbtLz"
1593048909476	Marionette	INFO	Listening on port 42503
1593048909580	Marionette	WARN	TLS certificate errors will be ignored for this session
1593048966551	Marionette	INFO	Stopped listening on port 42503
1593048975002	Marionette	INFO	Stopped listening on port 33461
JavaScript error: , line 0: UnknownError: The operation failed for reasons unrelated to the database itself and not covered by any other error code.
1593048977470	Marionette	INFO	Stopped listening on port 44063
1593049063455	mozrunner::runner	INFO	Running command: "/usr/bin/firefox" "-marionette" "-foreground" "-no-remote" "-profile" "/tmp/rust_mozprofileUmi7Hj"
1593049066397	Marionette	INFO	Listening on port 46117
1593049067409	Marionette	WARN	TLS certificate errors will be ignored for this session
1593049081266	mozrunner::runner	INFO	Running command: "/usr/bin/firefox" "-marionette" "-foreground" "-no-remote" "-profile" "/tmp/rust_mozprofileI4FbeS"
1593049086000	Marionette	INFO	Listening on port 43441
1593049086085	Marionette	WARN	TLS certificate errors will be ignored for this session
JavaScript error: https://ytmp3.cc/en13/, line 1: SyntaxError: unexpected token: '{'
1593049105205	mozrunner::runner	INFO	Running command: "/usr/bin/firefox" "-marionette" "-foreground" "-no-remote" "-profile" "/tmp/rust_mozprofileTFrIXm"
1593049109588	Marionette	INFO	Listening on port 42575
1593049109623	Marionette	WARN	TLS certificate errors will be ignored for this session
1593049159906	Marionette	INFO	Stopped listening on port 42575
1593049171474	Marionette	INFO	Stopped listening on port 46117
JavaScript error: , line 0: UnknownError: The operation failed for reasons unrelated to the database itself and not covered by any other error code.
JavaScript error: , line 0: UnknownError: The operation failed for reasons unrelated to the database itself and not covered by any other error code.
1593049205132	Marionette	INFO	Stopped listening on port 43441
1593050505881	mozrunner::runner	INFO	Running command: "/usr/bin/firefox" "-marionette" "-foreground" "-no-remote" "-profile" "/tmp/rust_mozprofile2xFQ4F"
1593050508882	Marionette	INFO	Listening on port 33171
1593050508949	Marionette	WARN	TLS certificate errors will be ignored for this session
1593050527279	mozrunner::runner	INFO	Running command: "/usr/bin/firefox" "-marionette" "-foreground" "-no-remote" "-profile" "/tmp/rust_mozprofileXN71xt"
1593050531817	Marionette	INFO	Listening on port 44899
1593050531892	Marionette	WARN	TLS certificate errors will be ignored for this session
1593050547509	mozrunner::runner	INFO	Running command: "/usr/bin/firefox" "-marionette" "-foreground" "-no-remote" "-profile" "/tmp/rust_mozprofileL8t6jd"
1593050551699	Marionette	INFO	Listening on port 39075
1593050551722	Marionette	WARN	TLS certificate errors will be ignored for this session
JavaScript error: , line 0: UnknownError: The operation failed for reasons unrelated to the database itself and not covered by any other error code.
1593050603630	Marionette	INFO	Stopped listening on port 33171
1593050609189	Marionette	INFO	Stopped listening on port 44899
1593050612271	Marionette	INFO	Stopped listening on port 39075
1593050733663	mozrunner::runner	INFO	Running command: "/usr/bin/firefox" "-marionette" "-foreground" "-no-remote" "-profile" "/tmp/rust_mozprofileNZbAC8"
1593050737025	Marionette	INFO	Listening on port 35719
1593050737113	Marionette	WARN	TLS certificate errors will be ignored for this session
1593050753339	mozrunner::runner	INFO	Running command: "/usr/bin/firefox" "-marionette" "-foreground" "-no-remote" "-profile" "/tmp/rust_mozprofileErdy7v"
1593050757736	Marionette	INFO	Listening on port 32797
1593050757758	Marionette	WARN	TLS certificate errors will be ignored for this session
1593050767565	mozrunner::runner	INFO	Running command: "/usr/bin/firefox" "-marionette" "-foreground" "-no-remote" "-profile" "/tmp/rust_mozprofileroLYbE"
1593050770798	Marionette	INFO	Listening on port 42735
1593050770878	Marionette	WARN	TLS certificate errors will be ignored for this session
console.error: "Store does not have a valid reducer. Make sure the argument passed to combineReducers is an object whose values are reducers."
JavaScript error: , line 0: UnknownError: The operation failed for reasons unrelated to the database itself and not covered by any other error code.
JavaScript error: , line 0: UnknownError: The operation failed for reasons unrelated to the database itself and not covered by any other error code.
JavaScript error: , line 0: UnknownError: The operation failed for reasons unrelated to the database itself and not covered by any other error code.
1593051115470	Marionette	INFO	Stopped listening on port 42735
1593051115520	Marionette	INFO	Stopped listening on port 35719
1593051115576	Marionette	INFO	Stopped listening on port 32797
1593051122905	mozrunner::runner	INFO	Running command: "/usr/bin/firefox" "-marionette" "-foreground" "-no-remote" "-profile" "/tmp/rust_mozprofilel9kkfj"
1593051125784	Marionette	INFO	Listening on port 42309
1593051125862	Marionette	WARN	TLS certificate errors will be ignored for this session
1593051143402	mozrunner::runner	INFO	Running command: "/usr/bin/firefox" "-marionette" "-foreground" "-no-remote" "-profile" "/tmp/rust_mozprofileSczCiA"
1593051146734	Marionette	INFO	Listening on port 43745
1593051147833	Marionette	WARN	TLS certificate errors will be ignored for this session
1593051155730	mozrunner::runner	INFO	Running command: "/usr/bin/firefox" "-marionette" "-foreground" "-no-remote" "-profile" "/tmp/rust_mozprofiledtwCFL"
1593051158875	Marionette	INFO	Listening on port 39309
1593051158940	Marionette	WARN	TLS certificate errors will be ignored for this session
JavaScript error: , line 0: UnknownError: The operation failed for reasons unrelated to the database itself and not covered by any other error code.
1593051264529	Marionette	INFO	Stopped listening on port 43745
JavaScript error: , line 0: UnknownError: The operation failed for reasons unrelated to the database itself and not covered by any other error code.
JavaScript error: , line 0: UnknownError: The operation failed for reasons unrelated to the database itself and not covered by any other error code.
1593051269103	Marionette	INFO	Stopped listening on port 42309
1593051269104	Marionette	INFO	Stopped listening on port 39309
1593051276124	mozrunner::runner	INFO	Running command: "/usr/bin/firefox" "-marionette" "-foreground" "-no-remote" "-profile" "/tmp/rust_mozprofilecpPQq2"
1593051279108	Marionette	INFO	Listening on port 40887
1593051279132	Marionette	WARN	TLS certificate errors will be ignored for this session
1593051297652	mozrunner::runner	INFO	Running command: "/usr/bin/firefox" "-marionette" "-foreground" "-no-remote" "-profile" "/tmp/rust_mozprofilelfJEem"
1593051301008	Marionette	INFO	Listening on port 35707
1593051301061	Marionette	WARN	TLS certificate errors will be ignored for this session
1593051308892	mozrunner::runner	INFO	Running command: "/usr/bin/firefox" "-marionette" "-foreground" "-no-remote" "-profile" "/tmp/rust_mozprofileJVjrA0"
1593051312108	Marionette	INFO	Listening on port 37941
1593051312205	Marionette	WARN	TLS certificate errors will be ignored for this session
JavaScript error: https://www.youtube.com/yts/jsbin/www-embed-player-vflky9INM/www-embed-player.js, line 410: NS_ERROR_FAILURE: 
1593051400762	Marionette	INFO	Stopped listening on port 37941
JavaScript error: , line 0: UnknownError: The operation failed for reasons unrelated to the database itself and not covered by any other error code.
1593051401816	Marionette	INFO	Stopped listening on port 40887
JavaScript error: , line 0: UnknownError: The operation failed for reasons unrelated to the database itself and not covered by any other error code.
JavaScript error: , line 0: UnknownError: The operation failed for reasons unrelated to the database itself and not covered by any other error code.
1593051433697	Marionette	INFO	Stopped listening on port 35707
Nautilus-Share-Message: 22:19:53.051: Called "net usershare info" but it failed: Failed to execute child process net (No such file or directory)
1593051727990	mozrunner::runner	INFO	Running command: "/usr/bin/firefox" "-marionette" "-foreground" "-no-remote" "-profile" "/tmp/rust_mozprofileRMSijz"
1593051731078	Marionette	INFO	Listening on port 35589
1593051731146	Marionette	WARN	TLS certificate errors will be ignored for this session
1593051751820	mozrunner::runner	INFO	Running command: "/usr/bin/firefox" "-marionette" "-foreground" "-no-remote" "-profile" "/tmp/rust_mozprofileDkNtKX"
1593051756146	Marionette	INFO	Listening on port 37279
1593051756235	Marionette	WARN	TLS certificate errors will be ignored for this session
1593051763634	mozrunner::runner	INFO	Running command: "/usr/bin/firefox" "-marionette" "-foreground" "-no-remote" "-profile" "/tmp/rust_mozprofilePpOnnn"
1593051766928	Marionette	INFO	Listening on port 42475
1593051766949	Marionette	WARN	TLS certificate errors will be ignored for this session
IPDL protocol error: Handler returned error code!

###!!! [Parent][DispatchAsyncMessage] Error: PLayerTransaction::Msg_ReleaseLayer Processing error: message was deserialized, but the handler returned false (indicating failure)

IPDL protocol error: Handler returned error code!

###!!! [Parent][DispatchAsyncMessage] Error: PLayerTransaction::Msg_ReleaseLayer Processing error: message was deserialized, but the handler returned false (indicating failure)

IPDL protocol error: Handler returned error code!

###!!! [Parent][DispatchAsyncMessage] Error: PLayerTransaction::Msg_ReleaseLayer Processing error: message was deserialized, but the handler returned false (indicating failure)

IPDL protocol error: Handler returned error code!

###!!! [Parent][DispatchAsyncMessage] Error: PLayerTransaction::Msg_ReleaseLayer Processing error: message was deserialized, but the handler returned false (indicating failure)

IPDL protocol error: Handler returned error code!

###!!! [Parent][DispatchAsyncMessage] Error: PLayerTransaction::Msg_ReleaseLayer Processing error: message was deserialized, but the handler returned false (indicating failure)

JavaScript error: , line 0: UnknownError: The operation failed for reasons unrelated to the database itself and not covered by any other error code.
JavaScript error: , line 0: UnknownError: The operation failed for reasons unrelated to the database itself and not covered by any other error code.
JavaScript error: , line 0: UnknownError: The operation failed for reasons unrelated to the database itself and not covered by any other error code.
1593051882660	Marionette	INFO	Stopped listening on port 37279
1593051882749	Marionette	INFO	Stopped listening on port 42475
1593051882765	Marionette	INFO	Stopped listening on port 35589
1593051885279	mozrunner::runner	INFO	Running command: "/usr/bin/firefox" "-marionette" "-foreground" "-no-remote" "-profile" "/tmp/rust_mozprofilezfWZBG"
1593051888364	Marionette	INFO	Listening on port 37865
1593051888397	Marionette	WARN	TLS certificate errors will be ignored for this session
1593051904771	mozrunner::runner	INFO	Running command: "/usr/bin/firefox" "-marionette" "-foreground" "-no-remote" "-profile" "/tmp/rust_mozprofilek6pQXQ"
1593051909626	Marionette	INFO	Listening on port 40417
1593051909691	Marionette	WARN	TLS certificate errors will be ignored for this session
1593051916165	mozrunner::runner	INFO	Running command: "/usr/bin/firefox" "-marionette" "-foreground" "-no-remote" "-profile" "/tmp/rust_mozprofilezc7xw5"
1593051919519	Marionette	INFO	Listening on port 33071
1593051919577	Marionette	WARN	TLS certificate errors will be ignored for this session
1593052011251	Marionette	INFO	Stopped listening on port 33071
JavaScript error: , line 0: UnknownError: The operation failed for reasons unrelated to the database itself and not covered by any other error code.
1593052012299	Marionette	INFO	Stopped listening on port 37865
JavaScript error: , line 0: AbortError: A request was aborted, for example through a call to IDBTransaction.abort.
JavaScript error: , line 0: UnknownError: The operation failed for reasons unrelated to the database itself and not covered by any other error code.
1593052056389	Marionette	INFO	Stopped listening on port 40417
1593053230060	mozrunner::runner	INFO	Running command: "/usr/bin/firefox" "-marionette" "-foreground" "-no-remote" "-profile" "/tmp/rust_mozprofileZBcGbI"
1593053234292	Marionette	INFO	Listening on port 36845
1593053234374	Marionette	WARN	TLS certificate errors will be ignored for this session
1593053252181	mozrunner::runner	INFO	Running command: "/usr/bin/firefox" "-marionette" "-foreground" "-no-remote" "-profile" "/tmp/rust_mozprofilezNpcnl"
1593053255372	Marionette	INFO	Listening on port 43309
1593053255391	Marionette	WARN	TLS certificate errors will be ignored for this session
1593053263041	mozrunner::runner	INFO	Running command: "/usr/bin/firefox" "-marionette" "-foreground" "-no-remote" "-profile" "/tmp/rust_mozprofileqeWbBE"
1593053266642	Marionette	INFO	Listening on port 42897
1593053266661	Marionette	WARN	TLS certificate errors will be ignored for this session
IPDL protocol error: Handler returned error code!

###!!! [Parent][DispatchAsyncMessage] Error: PLayerTransaction::Msg_ReleaseLayer Processing error: message was deserialized, but the handler returned false (indicating failure)

IPDL protocol error: Handler returned error code!

###!!! [Parent][DispatchAsyncMessage] Error: PLayerTransaction::Msg_ReleaseLayer Processing error: message was deserialized, but the handler returned false (indicating failure)

IPDL protocol error: Handler returned error code!

###!!! [Parent][DispatchAsyncMessage] Error: PLayerTransaction::Msg_ReleaseLayer Processing error: message was deserialized, but the handler returned false (indicating failure)

IPDL protocol error: Handler returned error code!

###!!! [Parent][DispatchAsyncMessage] Error: PLayerTransaction::Msg_ReleaseLayer Processing error: message was deserialized, but the handler returned false (indicating failure)

IPDL protocol error: Handler returned error code!

###!!! [Parent][DispatchAsyncMessage] Error: PLayerTransaction::Msg_ReleaseLayer Processing error: message was deserialized, but the handler returned false (indicating failure)

JavaScript error: , line 0: UnknownError: The operation failed for reasons unrelated to the database itself and not covered by any other error code.
JavaScript error: , line 0: UnknownError: The operation failed for reasons unrelated to the database itself and not covered by any other error code.
JavaScript error: , line 0: UnknownError: The operation failed for reasons unrelated to the database itself and not covered by any other error code.
1593053361409	Marionette	INFO	Stopped listening on port 43309
1593053361437	Marionette	INFO	Stopped listening on port 42897
1593053361441	Marionette	INFO	Stopped listening on port 36845
1593053363078	mozrunner::runner	INFO	Running command: "/usr/bin/firefox" "-marionette" "-foreground" "-no-remote" "-profile" "/tmp/rust_mozprofilex1Gy1S"
1593053365924	Marionette	INFO	Listening on port 34331
1593053365986	Marionette	WARN	TLS certificate errors will be ignored for this session
1593053379021	mozrunner::runner	INFO	Running command: "/usr/bin/firefox" "-marionette" "-foreground" "-no-remote" "-profile" "/tmp/rust_mozprofilecVg7RG"
1593053382505	Marionette	INFO	Listening on port 44733
1593053382534	Marionette	WARN	TLS certificate errors will be ignored for this session
1593053392873	mozrunner::runner	INFO	Running command: "/usr/bin/firefox" "-marionette" "-foreground" "-no-remote" "-profile" "/tmp/rust_mozprofile27j3Hw"
1593053396297	Marionette	INFO	Listening on port 36695
1593053397447	Marionette	WARN	TLS certificate errors will be ignored for this session
1593053778930	Marionette	INFO	Stopped listening on port 36695
JavaScript error: , line 0: UnknownError: The operation failed for reasons unrelated to the database itself and not covered by any other error code.
1593053780083	Marionette	INFO	Stopped listening on port 34331
JavaScript error: , line 0: UnknownError: The operation failed for reasons unrelated to the database itself and not covered by any other error code.
1593053781218	Marionette	INFO	Stopped listening on port 44733
JavaScript error: , line 0: UnknownError: The operation failed for reasons unrelated to the database itself and not covered by any other error code.
